2018-07-14T02:59:03-06:00	executing sudo  -u source /opt/pbs/default/bin/qsub -u source  /var/spool/web-pbs/scripts/qsub_5b49bb5735d18 in /var/spool/web-pbs/sessions
2018-07-14T02:59:03-06:00	executed sudo  -u source /opt/pbs/default/bin/qsub -u source  /var/spool/web-pbs/scripts/qsub_5b49bb5735d18 code 0
2018-07-14T03:04:59-06:00	executing sudo  -u source /opt/pbs/default/bin/qsub -u source  /var/spool/web-pbs/scripts/qsub_5b49bcbb3c494 in /var/spool/web-pbs/sessions
2018-07-14T03:04:59-06:00	executed sudo  -u source /opt/pbs/default/bin/qsub -u source  /var/spool/web-pbs/scripts/qsub_5b49bcbb3c494 code 0
2018-07-14T03:06:15-06:00	executing sudo  -u source /opt/pbs/default/bin/qsub -u source  /var/spool/web-pbs/scripts/qsub_5b49bd07f07aa in /var/spool/web-pbs/sessions
2018-07-14T03:06:16-06:00	executed sudo  -u source /opt/pbs/default/bin/qsub -u source  /var/spool/web-pbs/scripts/qsub_5b49bd07f07aa code 0
2018-07-14T03:06:30-06:00	executing sudo  -u source /opt/pbs/default/bin/qsub -u source  /var/spool/web-pbs/scripts/qsub_5b49bd169b54a in /var/spool/web-pbs/sessions
2018-07-14T03:06:30-06:00	executed sudo  -u source /opt/pbs/default/bin/qsub -u source  /var/spool/web-pbs/scripts/qsub_5b49bd169b54a code 0
2018-07-14T03:06:31-06:00	executing sudo  -u source /opt/pbs/default/bin/qsub -u source  /var/spool/web-pbs/scripts/qsub_5b49bd175a6e3 in /var/spool/web-pbs/sessions
2018-07-14T03:06:31-06:00	executed sudo  -u source /opt/pbs/default/bin/qsub -u source  /var/spool/web-pbs/scripts/qsub_5b49bd175a6e3 code 0
2018-07-14T03:06:31-06:00	executing sudo  -u source /opt/pbs/default/bin/qsub -u source  /var/spool/web-pbs/scripts/qsub_5b49bd17b8825 in /var/spool/web-pbs/sessions
2018-07-14T03:06:31-06:00	executed sudo  -u source /opt/pbs/default/bin/qsub -u source  /var/spool/web-pbs/scripts/qsub_5b49bd17b8825 code 0
2018-07-14T03:06:32-06:00	executing sudo  -u source /opt/pbs/default/bin/qsub -u source  /var/spool/web-pbs/scripts/qsub_5b49bd18011dc in /var/spool/web-pbs/sessions
2018-07-14T03:06:32-06:00	executed sudo  -u source /opt/pbs/default/bin/qsub -u source  /var/spool/web-pbs/scripts/qsub_5b49bd18011dc code 0
2018-07-14T03:06:32-06:00	executing sudo  -u source /opt/pbs/default/bin/qsub -u source  /var/spool/web-pbs/scripts/qsub_5b49bd182fd79 in /var/spool/web-pbs/sessions
2018-07-14T03:06:32-06:00	executed sudo  -u source /opt/pbs/default/bin/qsub -u source  /var/spool/web-pbs/scripts/qsub_5b49bd182fd79 code 0
2018-07-14T03:06:32-06:00	executing sudo  -u source /opt/pbs/default/bin/qsub -u source  /var/spool/web-pbs/scripts/qsub_5b49bd186cb21 in /var/spool/web-pbs/sessions
2018-07-14T03:06:32-06:00	executed sudo  -u source /opt/pbs/default/bin/qsub -u source  /var/spool/web-pbs/scripts/qsub_5b49bd186cb21 code 0
2018-07-14T03:06:32-06:00	executing sudo  -u source /opt/pbs/default/bin/qsub -u source  /var/spool/web-pbs/scripts/qsub_5b49bd189269d in /var/spool/web-pbs/sessions
2018-07-14T03:06:32-06:00	executed sudo  -u source /opt/pbs/default/bin/qsub -u source  /var/spool/web-pbs/scripts/qsub_5b49bd189269d code 0
2018-07-14T03:06:32-06:00	executing sudo  -u source /opt/pbs/default/bin/qsub -u source  /var/spool/web-pbs/scripts/qsub_5b49bd18d09e3 in /var/spool/web-pbs/sessions
2018-07-14T03:06:32-06:00	executed sudo  -u source /opt/pbs/default/bin/qsub -u source  /var/spool/web-pbs/scripts/qsub_5b49bd18d09e3 code 0
2018-07-14T03:06:33-06:00	executing sudo  -u source /opt/pbs/default/bin/qsub -u source  /var/spool/web-pbs/scripts/qsub_5b49bd190a2a3 in /var/spool/web-pbs/sessions
2018-07-14T03:06:33-06:00	executed sudo  -u source /opt/pbs/default/bin/qsub -u source  /var/spool/web-pbs/scripts/qsub_5b49bd190a2a3 code 0
2018-07-14T23:07:32-06:00	executing sudo  /opt/pbs/default/bin/qsub  /var/spool/web-pbs/scripts/qsub_5b4ad6942130e in /var/spool/web-pbs/sessions
qsub: option requires an argument -- 'A'
qsub: directive error: -A 
2018-07-14T23:07:32-06:00	executed sudo  /opt/pbs/default/bin/qsub  /var/spool/web-pbs/scripts/qsub_5b4ad6942130e code 1
2018-07-14T23:07:48-06:00	executing sudo  -u source /opt/pbs/default/bin/qsub -u source  /var/spool/web-pbs/scripts/qsub_5b4ad6a4e59ff in /var/spool/web-pbs/sessions
2018-07-14T23:07:48-06:00	executed sudo  -u source /opt/pbs/default/bin/qsub -u source  /var/spool/web-pbs/scripts/qsub_5b4ad6a4e59ff code 0
2018-07-14T23:07:55-06:00	executing sudo  -u source /opt/pbs/default/bin/qsub -u source  /var/spool/web-pbs/scripts/qsub_5b4ad6ab67533 in /var/spool/web-pbs/sessions
2018-07-14T23:07:55-06:00	executed sudo  -u source /opt/pbs/default/bin/qsub -u source  /var/spool/web-pbs/scripts/qsub_5b4ad6ab67533 code 0
2018-07-14T23:14:59-06:00	executing sudo  -u source /opt/pbs/default/bin/qsub -u source  /var/spool/web-pbs/scripts/qsub_5b4ad8536e79d in /var/spool/web-pbs/sessions
2018-07-14T23:14:59-06:00	executed sudo  -u source /opt/pbs/default/bin/qsub -u source  /var/spool/web-pbs/scripts/qsub_5b4ad8536e79d code 0
2018-07-14T23:15:58-06:00	executing sudo  -u pbsadmin /opt/pbs/default/bin/qsub -u pbsadmin  /var/spool/web-pbs/scripts/qsub_5b4ad88ebd773 in /var/spool/web-pbs/sessions
2018-07-14T23:15:58-06:00	executed sudo  -u pbsadmin /opt/pbs/default/bin/qsub -u pbsadmin  /var/spool/web-pbs/scripts/qsub_5b4ad88ebd773 code 0
2018-07-14T23:41:54-06:00	executing sudo  /opt/pbs/default/bin/qsub  /var/spool/web-pbs/scripts/qsub_5b4adea2681ba in /var/spool/web-pbs/sessions
qsub: Bad UID for job execution
2018-07-14T23:41:54-06:00	executed sudo  /opt/pbs/default/bin/qsub  /var/spool/web-pbs/scripts/qsub_5b4adea2681ba code 175
2018-07-14T23:42:20-06:00	executing sudo  /opt/pbs/default/bin/qsub  /var/spool/web-pbs/scripts/qsub_5b4adebc81415 in /var/spool/web-pbs/sessions
qsub: Bad UID for job execution
2018-07-14T23:42:20-06:00	executed sudo  /opt/pbs/default/bin/qsub  /var/spool/web-pbs/scripts/qsub_5b4adebc81415 code 175
2018-07-14T23:42:48-06:00	executing sudo  /opt/pbs/default/bin/qsub  /var/spool/web-pbs/scripts/qsub_5b4aded8e1d15 in /var/spool/web-pbs/sessions
qsub: option requires an argument -- 'N'
qsub: directive error: -N 
2018-07-14T23:42:48-06:00	executed sudo  /opt/pbs/default/bin/qsub  /var/spool/web-pbs/scripts/qsub_5b4aded8e1d15 code 1
2018-07-14T23:42:56-06:00	executing sudo  -u pbsadmin /opt/pbs/default/bin/qsub -u pbsadmin  /var/spool/web-pbs/scripts/qsub_5b4adee0c8711 in /var/spool/web-pbs/sessions
2018-07-14T23:42:56-06:00	executed sudo  -u pbsadmin /opt/pbs/default/bin/qsub -u pbsadmin  /var/spool/web-pbs/scripts/qsub_5b4adee0c8711 code 0
2018-07-14T23:47:12-06:00	executing sudo  -u pbsadmin /opt/pbs/default/bin/qsub -u pbsadmin  /var/spool/web-pbs/scripts/qsub_5b4adfe0a3884 in /var/spool/web-pbs/sessions
2018-07-14T23:47:12-06:00	executed sudo  -u pbsadmin /opt/pbs/default/bin/qsub -u pbsadmin  /var/spool/web-pbs/scripts/qsub_5b4adfe0a3884 code 0
2018-07-15T00:03:59-06:00	executing sudo  -u pbsadmin /opt/pbs/default/bin/qsub -u pbsadmin  /var/spool/web-pbs/scripts/qsub_5b4ae3cfdba2e in /var/spool/web-pbs/sessions
2018-07-15T00:03:59-06:00	executed sudo  -u pbsadmin /opt/pbs/default/bin/qsub -u pbsadmin  /var/spool/web-pbs/scripts/qsub_5b4ae3cfdba2e code 0
2018-07-15T00:06:15-06:00	executing sudo  -u pbsadmin /opt/pbs/default/bin/qsub -u pbsadmin  /var/spool/web-pbs/scripts/qsub_5b4ae45760582 in /var/spool/web-pbs/sessions
2018-07-15T00:06:15-06:00	executed sudo  -u pbsadmin /opt/pbs/default/bin/qsub -u pbsadmin  /var/spool/web-pbs/scripts/qsub_5b4ae45760582 code 0
2018-07-15T00:16:49-06:00	executing sudo  -u pbsadmin /opt/pbs/default/bin/qsub -u pbsadmin  /var/spool/web-pbs/scripts/qsub_5b4ae6d1e921a in /var/spool/web-pbs/sessions
2018-07-15T00:16:49-06:00	executed sudo  -u pbsadmin /opt/pbs/default/bin/qsub -u pbsadmin  /var/spool/web-pbs/scripts/qsub_5b4ae6d1e921a code 0
2018-07-15T00:17:00-06:00	executing sudo  -u pbsadmin /opt/pbs/default/bin/qsub -u pbsadmin  /var/spool/web-pbs/scripts/qsub_5b4ae6dcb04ea in /var/spool/web-pbs/sessions
2018-07-15T00:17:00-06:00	executed sudo  -u pbsadmin /opt/pbs/default/bin/qsub -u pbsadmin  /var/spool/web-pbs/scripts/qsub_5b4ae6dcb04ea code 0
2018-07-15T00:18:29-06:00	executing sudo  -u pbsadmin /opt/pbs/default/bin/qsub -u pbsadmin  /var/spool/web-pbs/scripts/qsub_5b4ae735be757 in /var/spool/web-pbs/sessions
2018-07-15T00:18:29-06:00	executed sudo  -u pbsadmin /opt/pbs/default/bin/qsub -u pbsadmin  /var/spool/web-pbs/scripts/qsub_5b4ae735be757 code 0
2018-07-15T00:20:39-06:00	executing sudo  -u pbsadmin /opt/pbs/default/bin/qsub -u pbsadmin  /var/spool/web-pbs/scripts/qsub_5b4ae7b7cc55b in /var/spool/web-pbs/sessions
2018-07-15T00:20:39-06:00	executed sudo  -u pbsadmin /opt/pbs/default/bin/qsub -u pbsadmin  /var/spool/web-pbs/scripts/qsub_5b4ae7b7cc55b code 0
2018-07-15T00:23:15-06:00	executing sudo  -u pbsadmin /opt/pbs/default/bin/qsub -u pbsadmin  /var/spool/web-pbs/scripts/qsub_5b4ae8539e9dd in /var/spool/web-pbs/sessions
2018-07-15T00:23:15-06:00	executed sudo  -u pbsadmin /opt/pbs/default/bin/qsub -u pbsadmin  /var/spool/web-pbs/scripts/qsub_5b4ae8539e9dd code 0
2018-07-15T00:33:14-06:00	executing sudo  -u pbsadmin /opt/pbs/default/bin/qsub -u pbsadmin  /var/spool/web-pbs/scripts/qsub_5b4aeaaa5d064 in /var/spool/web-pbs/sessions
2018-07-15T00:33:14-06:00	executed sudo  -u pbsadmin /opt/pbs/default/bin/qsub -u pbsadmin  /var/spool/web-pbs/scripts/qsub_5b4aeaaa5d064 code 0
2018-07-15T00:34:19-06:00	executing sudo  -u pbsadmin /opt/pbs/default/bin/qsub -u pbsadmin  /var/spool/web-pbs/scripts/qsub_5b4aeaeb3a4e4 in /var/spool/web-pbs/sessions
2018-07-15T00:34:19-06:00	executed sudo  -u pbsadmin /opt/pbs/default/bin/qsub -u pbsadmin  /var/spool/web-pbs/scripts/qsub_5b4aeaeb3a4e4 code 0
2018-07-15T00:35:26-06:00	executing sudo  -u pbsadmin /opt/pbs/default/bin/qsub -u pbsadmin  /var/spool/web-pbs/scripts/qsub_5b4aeb2e1b19b in /var/spool/web-pbs/sessions
2018-07-15T00:35:26-06:00	executed sudo  -u pbsadmin /opt/pbs/default/bin/qsub -u pbsadmin  /var/spool/web-pbs/scripts/qsub_5b4aeb2e1b19b code 0
2018-07-15T00:50:00-06:00	executing sudo  -u pbsadmin /opt/pbs/default/bin/qsub -u pbsadmin  /var/spool/web-pbs/scripts/qsub_5b4aee98934ed in /var/spool/web-pbs/sessions
2018-07-15T00:50:00-06:00	executed sudo  -u pbsadmin /opt/pbs/default/bin/qsub -u pbsadmin  /var/spool/web-pbs/scripts/qsub_5b4aee98934ed code 0
2018-07-15T00:53:22-06:00	executing sudo  -u pbsadmin /opt/pbs/default/bin/qsub -u pbsadmin  /var/spool/web-pbs/scripts/qsub_5b4aef62516dd in /var/spool/web-pbs/sessions
qsub: cannot send environment with the job
2018-07-15T00:53:22-06:00	executed sudo  -u pbsadmin /opt/pbs/default/bin/qsub -u pbsadmin  /var/spool/web-pbs/scripts/qsub_5b4aef62516dd code 1
2018-07-15T00:53:36-06:00	executing sudo  -u pbsadmin /opt/pbs/default/bin/qsub -u pbsadmin  /var/spool/web-pbs/scripts/qsub_5b4aef7052996 in /var/spool/web-pbs/sessions
qsub: cannot send environment with the job
2018-07-15T00:53:36-06:00	executed sudo  -u pbsadmin /opt/pbs/default/bin/qsub -u pbsadmin  /var/spool/web-pbs/scripts/qsub_5b4aef7052996 code 1
2018-07-15T00:55:07-06:00	executing sudo  -u pbsadmin /opt/pbs/default/bin/qsub -u pbsadmin  /var/spool/web-pbs/scripts/qsub_5b4aefcb25702 in /var/spool/web-pbs/sessions
qsub: cannot send environment with the job
2018-07-15T00:55:07-06:00	executed sudo  -u pbsadmin /opt/pbs/default/bin/qsub -u pbsadmin  /var/spool/web-pbs/scripts/qsub_5b4aefcb25702 code 1
2018-07-15T00:55:38-06:00	executing sudo  -u pbsadmin /opt/pbs/default/bin/qsub -u pbsadmin  /var/spool/web-pbs/scripts/qsub_5b4aefea43825 in /var/spool/web-pbs/sessions
qsub: cannot send environment with the job
2018-07-15T00:55:38-06:00	executed sudo  -u pbsadmin /opt/pbs/default/bin/qsub -u pbsadmin  /var/spool/web-pbs/scripts/qsub_5b4aefea43825 code 1
2018-07-15T00:56:13-06:00	executing sudo  -u pbsadmin /opt/pbs/default/bin/qsub -u pbsadmin  /var/spool/web-pbs/scripts/qsub_5b4af00de396d in /var/spool/web-pbs/sessions
qsub: cannot send environment with the job
2018-07-15T00:56:13-06:00	executed sudo  -u pbsadmin /opt/pbs/default/bin/qsub -u pbsadmin  /var/spool/web-pbs/scripts/qsub_5b4af00de396d code 1
2018-07-15T00:56:47-06:00	executing sudo  -u pbsadmin /opt/pbs/default/bin/qsub -u pbsadmin  /var/spool/web-pbs/scripts/qsub_5b4af02fa97ca in /var/spool/web-pbs/sessions
2018-07-15T00:56:47-06:00	executed sudo  -u pbsadmin /opt/pbs/default/bin/qsub -u pbsadmin  /var/spool/web-pbs/scripts/qsub_5b4af02fa97ca code 0
2018-07-15T01:01:27-06:00	executing sudo  -u pbsadmin /opt/pbs/default/bin/qsub -u pbsadmin  /var/spool/web-pbs/scripts/qsub_5b4af147c937c in /var/spool/web-pbs/sessions
2018-07-15T01:01:27-06:00	executed  sudo  -u pbsadmin /opt/pbs/default/bin/qsub -u pbsadmin  /var/spool/web-pbs/scripts/qsub_5b4af147c937c code 0
2018-07-15T01:02:23-06:00	executing sudo  -u pbsadmin /opt/pbs/default/bin/qsub -u pbsadmin  /var/spool/web-pbs/scripts/qsub_5b4af17f6a62e in /var/spool/web-pbs/sessions
2018-07-15T01:02:23-06:00	executed  sudo  -u pbsadmin /opt/pbs/default/bin/qsub -u pbsadmin  /var/spool/web-pbs/scripts/qsub_5b4af17f6a62e code 0
2018-07-15T01:35:51-06:00	executing sudo  /opt/pbs/default/bin/pbsnodes -av    in /var/spool/web-pbs/sessions
2018-07-15T01:35:51-06:00	executed  sudo  /opt/pbs/default/bin/pbsnodes -av    code 0
2018-07-15T01:36:06-06:00	executing sudo  /opt/pbs/default/bin/pbsnodes -av    in /var/spool/web-pbs/sessions
2018-07-15T01:36:06-06:00	executed  sudo  /opt/pbs/default/bin/pbsnodes -av    code 0
2018-07-15T01:36:17-06:00	executing sudo  /opt/pbs/default/bin/pbsnodes debian    in /var/spool/web-pbs/sessions
2018-07-15T01:36:17-06:00	executed  sudo  /opt/pbs/default/bin/pbsnodes debian    code 0
2018-07-15T01:36:29-06:00	executing sudo  /opt/pbs/default/bin/qselect   in /var/spool/web-pbs/sessions
2018-07-15T01:36:29-06:00	executed  sudo  /opt/pbs/default/bin/qselect   code 0
2018-07-15T01:36:29-06:00	executing sudo  /opt/pbs/default/bin/qstat -fx   123.debian in /var/spool/web-pbs/sessions
2018-07-15T01:36:29-06:00	executed  sudo  /opt/pbs/default/bin/qstat -fx   123.debian code 0
2018-07-15T01:36:29-06:00	executing sudo  /opt/pbs/default/bin/qstat -fx   124.debian in /var/spool/web-pbs/sessions
2018-07-15T01:36:29-06:00	executed  sudo  /opt/pbs/default/bin/qstat -fx   124.debian code 0
2018-07-15T01:36:40-06:00	executing sudo  /opt/pbs/default/bin/qselect   in /var/spool/web-pbs/sessions
2018-07-15T01:36:40-06:00	executed  sudo  /opt/pbs/default/bin/qselect   code 0
2018-07-15T01:36:40-06:00	executing sudo  /opt/pbs/default/bin/qstat -fx   123.debian in /var/spool/web-pbs/sessions
2018-07-15T01:36:40-06:00	executed  sudo  /opt/pbs/default/bin/qstat -fx   123.debian code 0
2018-07-15T01:36:40-06:00	executing sudo  /opt/pbs/default/bin/qstat -fx   124.debian in /var/spool/web-pbs/sessions
2018-07-15T01:36:40-06:00	executed  sudo  /opt/pbs/default/bin/qstat -fx   124.debian code 0
2018-07-15T01:37:08-06:00	executing sudo  /opt/pbs/default/bin/qstat -fx    in /var/spool/web-pbs/sessions
2018-07-15T01:37:08-06:00	executed  sudo  /opt/pbs/default/bin/qstat -fx    code 0
2018-07-15T01:37:08-06:00	executing sudo  /opt/pbs/default/bin/qstat -fx    in /var/spool/web-pbs/sessions
2018-07-15T01:37:09-06:00	executed  sudo  /opt/pbs/default/bin/qstat -fx    code 0
2018-07-15T01:39:58-06:00	executing sudo  /opt/pbs/default/bin/qselect -x    in /var/spool/web-pbs/sessions
2018-07-15T01:39:58-06:00	executed  sudo  /opt/pbs/default/bin/qselect -x    code 0
2018-07-15T01:40:16-06:00	executing sudo  /opt/pbs/default/bin/qselect -x    in /var/spool/web-pbs/sessions
2018-07-15T01:40:16-06:00	executed  sudo  /opt/pbs/default/bin/qselect -x    code 0
2018-07-15T01:40:25-06:00	executing sudo  -u pbsadmin /opt/pbs/default/bin/qselect -x  -u pbsadmin   in /var/spool/web-pbs/sessions
2018-07-15T01:40:25-06:00	executed  sudo  -u pbsadmin /opt/pbs/default/bin/qselect -x  -u pbsadmin   code 0
2018-07-15T01:47:39-06:00	executing sudo  /opt/pbs/default/bin/qstat -fx    in /var/spool/web-pbs/sessions
2018-07-15T01:47:39-06:00	executed  sudo  /opt/pbs/default/bin/qstat -fx    code 0
2018-07-15T01:47:57-06:00	executing sudo  /opt/pbs/default/bin/qstat   in /var/spool/web-pbs/sessions
2018-07-15T01:47:57-06:00	executed  sudo  /opt/pbs/default/bin/qstat   code 0
2018-07-15T01:47:59-06:00	executing sudo  /opt/pbs/default/bin/qstat   in /var/spool/web-pbs/sessions
2018-07-15T01:47:59-06:00	executed  sudo  /opt/pbs/default/bin/qstat   code 0
2018-07-15T01:48:08-06:00	executing sudo  /opt/pbs/default/bin/qstat -fx    in /var/spool/web-pbs/sessions
2018-07-15T01:48:08-06:00	executed  sudo  /opt/pbs/default/bin/qstat -fx    code 0
2018-07-15T01:48:25-06:00	executing sudo  /opt/pbs/default/bin/qstat -fx    in /var/spool/web-pbs/sessions
2018-07-15T01:48:26-06:00	executed  sudo  /opt/pbs/default/bin/qstat -fx    code 0
2018-07-15T01:48:37-06:00	executing sudo  /opt/pbs/default/bin/qstat -fx    in /var/spool/web-pbs/sessions
2018-07-15T01:48:37-06:00	executed  sudo  /opt/pbs/default/bin/qstat -fx    code 0
2018-07-15T01:48:40-06:00	executing sudo  /opt/pbs/default/bin/qstat -fx    in /var/spool/web-pbs/sessions
2018-07-15T01:48:40-06:00	executed  sudo  /opt/pbs/default/bin/qstat -fx    code 0
2018-07-15T01:48:52-06:00	executing sudo  /opt/pbs/default/bin/pbsnodes   in /var/spool/web-pbs/sessions
usage:	/opt/pbs/default/bin/pbsnodes [-{o|r}][-C comment][-s server] host host ...
	/opt/pbs/default/bin/pbsnodes -l [-s server]
	/opt/pbs/default/bin/pbsnodes [-s server] -v vnode vnode ...
	/opt/pbs/default/bin/pbsnodes -a[v][S[j][L]][-F format][-D delim][-s server]
	/opt/pbs/default/bin/pbsnodes -[H][S[j][L]][-F format][-D delim] host host ...
	/opt/pbs/default/bin/pbsnodes --version

2018-07-15T01:48:52-06:00	executed  sudo  /opt/pbs/default/bin/pbsnodes   code 1
2018-07-15T01:48:56-06:00	executing sudo  /opt/pbs/default/bin/pbsnodes -av    in /var/spool/web-pbs/sessions
2018-07-15T01:48:56-06:00	executed  sudo  /opt/pbs/default/bin/pbsnodes -av    code 0
2018-07-15T01:49:03-06:00	executing sudo  /opt/pbs/default/bin/pbsnodes -a    in /var/spool/web-pbs/sessions
2018-07-15T01:49:03-06:00	executed  sudo  /opt/pbs/default/bin/pbsnodes -a    code 0
2018-07-15T01:49:06-06:00	executing sudo  /opt/pbs/default/bin/pbsnodes -v    in /var/spool/web-pbs/sessions
usage:	/opt/pbs/default/bin/pbsnodes [-{o|r}][-C comment][-s server] host host ...
	/opt/pbs/default/bin/pbsnodes -l [-s server]
	/opt/pbs/default/bin/pbsnodes [-s server] -v vnode vnode ...
	/opt/pbs/default/bin/pbsnodes -a[v][S[j][L]][-F format][-D delim][-s server]
	/opt/pbs/default/bin/pbsnodes -[H][S[j][L]][-F format][-D delim] host host ...
	/opt/pbs/default/bin/pbsnodes --version

2018-07-15T01:49:06-06:00	executed  sudo  /opt/pbs/default/bin/pbsnodes -v    code 1
2018-07-15T01:49:18-06:00	executing sudo  /opt/pbs/default/bin/pbsnodes -v    in /var/spool/web-pbs/sessions
usage:	/opt/pbs/default/bin/pbsnodes [-{o|r}][-C comment][-s server] host host ...
	/opt/pbs/default/bin/pbsnodes -l [-s server]
	/opt/pbs/default/bin/pbsnodes [-s server] -v vnode vnode ...
	/opt/pbs/default/bin/pbsnodes -a[v][S[j][L]][-F format][-D delim][-s server]
	/opt/pbs/default/bin/pbsnodes -[H][S[j][L]][-F format][-D delim] host host ...
	/opt/pbs/default/bin/pbsnodes --version

2018-07-15T01:49:18-06:00	executed  sudo  /opt/pbs/default/bin/pbsnodes -v    code 1
2018-07-15T01:49:21-06:00	executing sudo  /opt/pbs/default/bin/pbsnodes -av    in /var/spool/web-pbs/sessions
2018-07-15T01:49:21-06:00	executed  sudo  /opt/pbs/default/bin/pbsnodes -av    code 0
2018-07-15T01:49:29-06:00	executing sudo  /opt/pbs/default/bin/pbsnodes -v  debian    in /var/spool/web-pbs/sessions
2018-07-15T01:49:29-06:00	executed  sudo  /opt/pbs/default/bin/pbsnodes -v  debian    code 0
2018-07-15T01:49:51-06:00	executing sudo  /opt/pbs/default/bin/pbsnodes -v  debian  test1    in /var/spool/web-pbs/sessions
2018-07-15T01:49:51-06:00	executed  sudo  /opt/pbs/default/bin/pbsnodes -v  debian  test1    code 0
2018-07-15T01:50:13-06:00	executing sudo  /opt/pbs/default/bin/pbsnodes -v  debian  test1    in /var/spool/web-pbs/sessions
2018-07-15T01:50:13-06:00	executed  sudo  /opt/pbs/default/bin/pbsnodes -v  debian  test1    code 0
2018-07-15T01:51:56-06:00	executing sudo  /opt/pbs/default/bin/qstat -fx    in /var/spool/web-pbs/sessions
2018-07-15T01:51:57-06:00	executed  sudo  /opt/pbs/default/bin/qstat -fx    code 0
2018-07-15T01:52:45-06:00	executing sudo  /opt/pbs/default/bin/qstat   in /var/spool/web-pbs/sessions
2018-07-15T01:52:45-06:00	executed  sudo  /opt/pbs/default/bin/qstat   code 0
2018-07-15T01:53:20-06:00	executing sudo  /opt/pbs/default/bin/qstat   in /var/spool/web-pbs/sessions
2018-07-15T01:53:20-06:00	executed  sudo  /opt/pbs/default/bin/qstat   code 0
2018-07-15T01:53:34-06:00	executing sudo  /opt/pbs/default/bin/qstat -f    in /var/spool/web-pbs/sessions
2018-07-15T01:53:34-06:00	executed  sudo  /opt/pbs/default/bin/qstat -f    code 0
2018-07-15T01:53:38-06:00	executing sudo  /opt/pbs/default/bin/qstat -s    in /var/spool/web-pbs/sessions
2018-07-15T01:53:38-06:00	executed  sudo  /opt/pbs/default/bin/qstat -s    code 0
2018-07-15T01:53:44-06:00	executing sudo  /opt/pbs/default/bin/qstat -f    in /var/spool/web-pbs/sessions
2018-07-15T01:53:44-06:00	executed  sudo  /opt/pbs/default/bin/qstat -f    code 0
2018-07-15T01:53:59-06:00	executing sudo  /opt/pbs/default/bin/qstat -f    in /var/spool/web-pbs/sessions
2018-07-15T01:53:59-06:00	executed  sudo  /opt/pbs/default/bin/qstat -f    code 0
2018-07-15T01:54:46-06:00	executing sudo  /opt/pbs/default/bin/qstat -f    in /var/spool/web-pbs/sessions
2018-07-15T01:54:46-06:00	executed  sudo  /opt/pbs/default/bin/qstat -f    code 0
2018-07-15T01:58:13-06:00	executing sudo  /opt/pbs/default/bin/qstat -f    in /var/spool/web-pbs/sessions
2018-07-15T01:58:13-06:00	executed  sudo  /opt/pbs/default/bin/qstat -f    code 0
2018-07-15T01:58:19-06:00	executing sudo  /opt/pbs/default/bin/qstat -f    in /var/spool/web-pbs/sessions
2018-07-15T01:58:19-06:00	executed  sudo  /opt/pbs/default/bin/qstat -f    code 0
2018-07-15T01:58:30-06:00	executing sudo  /opt/pbs/default/bin/qstat -fx    in /var/spool/web-pbs/sessions
2018-07-15T01:58:30-06:00	executed  sudo  /opt/pbs/default/bin/qstat -fx    code 0
2018-07-15T01:59:01-06:00	executing sudo  /opt/pbs/default/bin/qstat -fx  114    in /var/spool/web-pbs/sessions
2018-07-15T01:59:01-06:00	executed  sudo  /opt/pbs/default/bin/qstat -fx  114    code 0
2018-07-15T01:59:04-06:00	executing sudo  /opt/pbs/default/bin/qstat -fx  118    in /var/spool/web-pbs/sessions
2018-07-15T01:59:04-06:00	executed  sudo  /opt/pbs/default/bin/qstat -fx  118    code 0
2018-07-15T02:00:28-06:00	executing sudo  /opt/pbs/default/bin/qdel     in /var/spool/web-pbs/sessions
usage:
	qdel [-W force|suppress_email=X] [-x] job_identifier...
	qdel --version
2018-07-15T02:00:28-06:00	executed  sudo  /opt/pbs/default/bin/qdel     code 2
2018-07-15T02:00:39-06:00	executing sudo  /opt/pbs/default/bin/qdel     in /var/spool/web-pbs/sessions
usage:
	qdel [-W force|suppress_email=X] [-x] job_identifier...
	qdel --version
2018-07-15T02:00:39-06:00	executed  sudo  /opt/pbs/default/bin/qdel     code 2
2018-07-15T02:01:17-06:00	executing sudo  /opt/pbs/default/bin/qdel     in /var/spool/web-pbs/sessions
usage:
	qdel [-W force|suppress_email=X] [-x] job_identifier...
	qdel --version
2018-07-15T02:01:17-06:00	executed  sudo  /opt/pbs/default/bin/qdel     code 2
2018-07-15T02:02:25-06:00	executing sudo  /opt/pbs/default/bin/qdel 123    in /var/spool/web-pbs/sessions
2018-07-15T02:02:25-06:00	executed  sudo  /opt/pbs/default/bin/qdel 123    code 0
2018-07-15T02:02:49-06:00	executing sudo  /opt/pbs/default/bin/qdel 123   in /var/spool/web-pbs/sessions
qdel: Job has finished
2018-07-15T02:02:49-06:00	executed  sudo  /opt/pbs/default/bin/qdel 123   code 35
2018-07-15T02:03:07-06:00	executing sudo  /opt/pbs/default/bin/qdel 124   in /var/spool/web-pbs/sessions
2018-07-15T02:03:07-06:00	executed  sudo  /opt/pbs/default/bin/qdel 124   code 0
2018-07-15T02:03:37-06:00	executing sudo  /opt/pbs/default/bin/qdel    in /var/spool/web-pbs/sessions
usage:
	qdel [-W force|suppress_email=X] [-x] job_identifier...
	qdel --version
2018-07-15T02:03:37-06:00	executed  sudo  /opt/pbs/default/bin/qdel    code 2
2018-07-15T02:03:42-06:00	executing sudo  /opt/pbs/default/bin/qdel    in /var/spool/web-pbs/sessions
usage:
	qdel [-W force|suppress_email=X] [-x] job_identifier...
	qdel --version
2018-07-15T02:03:42-06:00	executed  sudo  /opt/pbs/default/bin/qdel    code 2
2018-07-15T02:04:16-06:00	executing sudo  /opt/pbs/default/bin/qdel    in /var/spool/web-pbs/sessions
usage:
	qdel [-W force|suppress_email=X] [-x] job_identifier...
	qdel --version
2018-07-15T02:04:16-06:00	executed  sudo  /opt/pbs/default/bin/qdel    code 2
2018-07-15T02:04:29-06:00	executing sudo  /opt/pbs/default/bin/qdel    in /var/spool/web-pbs/sessions
usage:
	qdel [-W force|suppress_email=X] [-x] job_identifier...
	qdel --version
2018-07-15T02:04:29-06:00	executed  sudo  /opt/pbs/default/bin/qdel    code 2
2018-07-15T02:05:20-06:00	executing sudo  /opt/pbs/default/bin/qdel    in /var/spool/web-pbs/sessions
usage:
	qdel [-W force|suppress_email=X] [-x] job_identifier...
	qdel --version
2018-07-15T02:05:20-06:00	executed  sudo  /opt/pbs/default/bin/qdel    code 2
2018-07-15T02:05:41-06:00	executing sudo  /opt/pbs/default/bin/qdel    in /var/spool/web-pbs/sessions
usage:
	qdel [-W force|suppress_email=X] [-x] job_identifier...
	qdel --version
2018-07-15T02:05:41-06:00	executed  sudo  /opt/pbs/default/bin/qdel    code 2
2018-07-15T02:06:04-06:00	executing sudo  /opt/pbs/default/bin/qdel 298  299   in /var/spool/web-pbs/sessions
qdel: Job has finished
2018-07-15T02:06:04-06:00	executed  sudo  /opt/pbs/default/bin/qdel 298  299   code 35
2018-07-15T02:10:12-06:00	executing sudo  /opt/pbs/default/bin/qdel 298  299   in /var/spool/web-pbs/sessions
qdel: Job has finished
qdel: Job has finished
2018-07-15T02:10:12-06:00	executed  sudo  /opt/pbs/default/bin/qdel 298  299   code 35
2018-07-15T02:10:21-06:00	executing sudo  /opt/pbs/default/bin/qdel 298  299   in /var/spool/web-pbs/sessions
qdel: Job has finished
qdel: Job has finished
2018-07-15T02:10:21-06:00	executed  sudo  /opt/pbs/default/bin/qdel 298  299   code 35
2018-07-15T02:10:29-06:00	executing sudo  /opt/pbs/default/bin/qdel 298  390   in /var/spool/web-pbs/sessions
qdel: Job has finished
2018-07-15T02:10:29-06:00	executed  sudo  /opt/pbs/default/bin/qdel 298  390   code 35
2018-07-15T02:10:34-06:00	executing sudo  /opt/pbs/default/bin/qdel 298  389   in /var/spool/web-pbs/sessions
qdel: Job has finished
2018-07-15T02:10:34-06:00	executed  sudo  /opt/pbs/default/bin/qdel 298  389   code 35
2018-07-15T02:11:31-06:00	executing sudo  /opt/pbs/default/bin/pbsnodes  in /var/spool/web-pbs/sessions
usage:	/opt/pbs/default/bin/pbsnodes [-{o|r}][-C comment][-s server] host host ...
	/opt/pbs/default/bin/pbsnodes -l [-s server]
	/opt/pbs/default/bin/pbsnodes [-s server] -v vnode vnode ...
	/opt/pbs/default/bin/pbsnodes -a[v][S[j][L]][-F format][-D delim][-s server]
	/opt/pbs/default/bin/pbsnodes -[H][S[j][L]][-F format][-D delim] host host ...
	/opt/pbs/default/bin/pbsnodes --version

2018-07-15T02:11:31-06:00	executed  sudo  /opt/pbs/default/bin/pbsnodes  code 1
2018-07-15T02:11:41-06:00	executing sudo  /opt/pbs/default/bin/pbsnodes -v   in /var/spool/web-pbs/sessions
usage:	/opt/pbs/default/bin/pbsnodes [-{o|r}][-C comment][-s server] host host ...
	/opt/pbs/default/bin/pbsnodes -l [-s server]
	/opt/pbs/default/bin/pbsnodes [-s server] -v vnode vnode ...
	/opt/pbs/default/bin/pbsnodes -a[v][S[j][L]][-F format][-D delim][-s server]
	/opt/pbs/default/bin/pbsnodes -[H][S[j][L]][-F format][-D delim] host host ...
	/opt/pbs/default/bin/pbsnodes --version

2018-07-15T02:11:41-06:00	executed  sudo  /opt/pbs/default/bin/pbsnodes -v   code 1
2018-07-15T02:11:45-06:00	executing sudo  /opt/pbs/default/bin/pbsnodes -a   in /var/spool/web-pbs/sessions
2018-07-15T02:11:45-06:00	executed  sudo  /opt/pbs/default/bin/pbsnodes -a   code 0
2018-07-15T02:11:47-06:00	executing sudo  /opt/pbs/default/bin/pbsnodes -av   in /var/spool/web-pbs/sessions
2018-07-15T02:11:47-06:00	executed  sudo  /opt/pbs/default/bin/pbsnodes -av   code 0
2018-07-15T02:12:16-06:00	executing sudo  -u pbsadmin /opt/pbs/default/bin/qsub -u pbsadmin  in /var/spool/web-pbs/sessions
2018-07-15T02:12:31-06:00	executing sudo  -u pbsadmin /opt/pbs/default/bin/qsub -u pbsadmin  in /var/spool/web-pbs/sessions
2018-07-15T02:14:05-06:00	executing sudo  -u pbsadmin /opt/pbs/default/bin/qsub -u pbsadmin  in /var/spool/web-pbs/sessions
2018-07-15T02:14:52-06:00	executing sudo  -u pbsadmin /opt/pbs/default/bin/qsub -u pbsadmin  in /var/spool/web-pbs/sessions
2018-07-15T02:15:32-06:00	executing sudo  -u pbsadmin /opt/pbs/default/bin/qsub -u pbsadmin  in /var/spool/web-pbs/sessions
2018-07-15T02:16:17-06:00	executing sudo  -u pbsadmin /opt/pbs/default/bin/qsub -u pbsadmin  in /var/spool/web-pbs/sessions
2018-07-15T02:18:34-06:00	executing sudo  -u pbsadmin /opt/pbs/default/bin/qsub -u pbsadmin /var/spool/web-pbs/scripts/qsub_5b4b035a52251   in /var/spool/web-pbs/sessions
2018-07-15T02:18:34-06:00	executed  sudo  -u pbsadmin /opt/pbs/default/bin/qsub -u pbsadmin /var/spool/web-pbs/scripts/qsub_5b4b035a52251   code 0
2018-07-15T02:20:13-06:00	executing sudo  -u pbsadmin /opt/pbs/default/bin/qsub -u pbsadmin /var/spool/web-pbs/scripts/qsub_5b4b03bd806db   in /var/spool/web-pbs/sessions
2018-07-15T02:20:13-06:00	executed  sudo  -u pbsadmin /opt/pbs/default/bin/qsub -u pbsadmin /var/spool/web-pbs/scripts/qsub_5b4b03bd806db   code 0
2018-07-15T02:21:53-06:00	executing sudo  /opt/pbs/default/bin/pbsnodes -v   in /var/spool/web-pbs/sessions
usage:	/opt/pbs/default/bin/pbsnodes [-{o|r}][-C comment][-s server] host host ...
	/opt/pbs/default/bin/pbsnodes -l [-s server]
	/opt/pbs/default/bin/pbsnodes [-s server] -v vnode vnode ...
	/opt/pbs/default/bin/pbsnodes -a[v][S[j][L]][-F format][-D delim][-s server]
	/opt/pbs/default/bin/pbsnodes -[H][S[j][L]][-F format][-D delim] host host ...
	/opt/pbs/default/bin/pbsnodes --version

2018-07-15T02:21:53-06:00	executed  sudo  /opt/pbs/default/bin/pbsnodes -v   code 1
2018-07-15T02:21:56-06:00	executing sudo  /opt/pbs/default/bin/pbsnodes -a   in /var/spool/web-pbs/sessions
2018-07-15T02:21:56-06:00	executed  sudo  /opt/pbs/default/bin/pbsnodes -a   code 0
2018-07-15T08:35:02+00:00	executing sudo  /opt/pbs/default/bin/pbsnodes -av   in /var/spool/web-pbs/sessions

We trust you have received the usual lecture from the local System
Administrator. It usually boils down to these three things:

    #1) Respect the privacy of others.
    #2) Think before you type.
    #3) With great power comes great responsibility.

sudo: no tty present and no askpass program specified
2018-07-15T08:35:02+00:00	executed  sudo  /opt/pbs/default/bin/pbsnodes -av   code 1
2018-07-15T08:35:12+00:00	executing sudo  /opt/pbs/default/bin/pbsnodes -v   in /var/spool/web-pbs/sessions

We trust you have received the usual lecture from the local System
Administrator. It usually boils down to these three things:

    #1) Respect the privacy of others.
    #2) Think before you type.
    #3) With great power comes great responsibility.

sudo: no tty present and no askpass program specified
2018-07-15T08:35:12+00:00	executed  sudo  /opt/pbs/default/bin/pbsnodes -v   code 1
2018-07-15T08:35:31+00:00	executing sudo  /opt/pbs/default/bin/pbsnodes -v   in /var/spool/web-pbs/sessions

We trust you have received the usual lecture from the local System
Administrator. It usually boils down to these three things:

    #1) Respect the privacy of others.
    #2) Think before you type.
    #3) With great power comes great responsibility.

sudo: no tty present and no askpass program specified
2018-07-15T08:35:31+00:00	executed  sudo  /opt/pbs/default/bin/pbsnodes -v   code 1
2018-07-15T08:35:38+00:00	executing sudo  /opt/pbs/default/bin/pbsnodes -v   in /var/spool/web-pbs/sessions

We trust you have received the usual lecture from the local System
Administrator. It usually boils down to these three things:

    #1) Respect the privacy of others.
    #2) Think before you type.
    #3) With great power comes great responsibility.

sudo: no tty present and no askpass program specified
2018-07-15T08:35:38+00:00	executed  sudo  /opt/pbs/default/bin/pbsnodes -v   code 1
